<?xml version="1.0" encoding="UTF-8"?>
<!-- Generated by org.testng.reporters.JUnitReportReporter -->
<testsuite skipped="0" hostname="Admin-PC" name="JenkinsBatch.CalculatorAPI.TestCalculatorAPI" tests="2" failures="0" timestamp="2020-10-22T14:28:41 IST" time="0.005" errors="0">
  <testcase name="testAdditionWithPositiveValues" time="0.005" classname="JenkinsBatch.CalculatorAPI.TestCalculatorAPI"/>
  <system-out/>
  <testcase name="testAdditionWithNegativeValues" time="0.000" classname="JenkinsBatch.CalculatorAPI.TestCalculatorAPI"/>
  <system-out/>
</testsuite> <!-- JenkinsBatch.CalculatorAPI.TestCalculatorAPI -->
